[debug] [2025-08-15T03:25:42.432Z] ----------------------------------------------------------------------
[debug] [2025-08-15T03:25:42.434Z] Command:       C:\Program Files\nodejs\node.exe C:\Users\zukim\AppData\Roaming\npm\node_modules\firebase-tools\lib\bin\firebase.js init hosting:github
[debug] [2025-08-15T03:25:42.435Z] CLI Version:   14.12.1
[debug] [2025-08-15T03:25:42.435Z] Platform:      win32
[debug] [2025-08-15T03:25:42.435Z] Node Version:  v22.18.0
[debug] [2025-08-15T03:25:42.435Z] Time:          Thu Aug 14 2025 20:25:42 GMT-0700 (Pacific Daylight Time)
[debug] [2025-08-15T03:25:42.435Z] ----------------------------------------------------------------------
[debug] 
[debug] [2025-08-15T03:25:42.614Z] > command requires scopes: ["email","openid","https://www.googleapis.com/auth/cloudplatformprojects.readonly","https://www.googleapis.com/auth/firebase","https://www.googleapis.com/auth/cloud-platform"]
[debug] [2025-08-15T03:25:42.615Z] > authorizing via signed-in user (wolfepacktreasures@gmail.com)
[info] 
     ######## #### ########  ######## ########     ###     ######  ########
     ##        ##  ##     ## ##       ##     ##  ##   ##  ##       ##
     ######    ##  ########  ######   ########  #########  ######  ######
     ##        ##  ##    ##  ##       ##     ## ##     ##       ## ##
     ##       #### ##     ## ######## ########  ##     ##  ######  ########

You're about to initialize a Firebase project in this directory:

  C:\Users\zukim

Before we get started, keep in mind:

  * You are initializing your home directory as a Firebase project directory
  * You are initializing within an existing Firebase project directory

[debug] [2025-08-15T03:27:22.327Z] ExitPromptError: User force closed the prompt with SIGINT
    at Interface.sigint (C:\Users\zukim\AppData\Roaming\npm\node_modules\firebase-tools\node_modules\@inquirer\core\dist\commonjs\lib\create-prompt.js:101:37)
    at Interface.emit (node:events:518:28)
    at Interface.emit (node:domain:489:12)
    at [_ttyWrite] [as _ttyWrite] (node:internal/readline/interface:1132:18)
    at ReadStream.onkeypress (node:internal/readline/interface:271:20)
    at ReadStream.emit (node:events:530:35)
    at ReadStream.emit (node:domain:489:12)
    at emitKeys (node:internal/readline/utils:370:14)
    at emitKeys.next (<anonymous>)
    at ReadStream.onData (node:internal/readline/emitKeypressEvents:64:36)
[error] 
[error] Error: An unexpected error has occurred.
